
/home/runner/work/exp-flow-through-venturi-meter-nitk/exp-flow-through-venturi-meter-nitk/experiment/simulation/js/dpi.js
  39:5  error  Parsing error: Identifier 'canvas' has already been declared

/home/runner/work/exp-flow-through-venturi-meter-nitk/exp-flow-through-venturi-meter-nitk/experiment/simulation/js/ftpJS.js
     2:5   warning  'mpointer' is assigned a value but never used        no-unused-vars
     3:5   warning  'repeat' is assigned a value but never used          no-unused-vars
     4:5   warning  'a' is defined but never used                        no-unused-vars
     4:8   warning  'p' is defined but never used                        no-unused-vars
     4:11  warning  'lastp' is defined but never used                    no-unused-vars
     4:18  warning  'n' is defined but never used                        no-unused-vars
     4:21  warning  'b' is defined but never used                        no-unused-vars
     4:24  warning  'q' is defined but never used                        no-unused-vars
     4:27  warning  'flag' is assigned a value but never used            no-unused-vars
     5:5   warning  'avg' is defined but never used                      no-unused-vars
     5:10  warning  'average' is defined but never used                  no-unused-vars
    26:10  warning  'temp' is not defined                                no-undef
    26:20  warning  'temp' is not defined                                no-undef
    26:31  warning  'temp' is not defined                                no-undef
    27:44  warning  'temp' is not defined                                no-undef
    29:5   warning  'simsubscreennum' is not defined                     no-undef
    30:40  warning  'simsubscreennum' is not defined                     no-undef
    35:10  warning  'navNext' is defined but never used                  no-unused-vars
    36:10  warning  'temp' is not defined                                no-undef
    36:20  warning  'temp' is not defined                                no-undef
    36:31  warning  'temp' is not defined                                no-undef
    37:44  warning  'temp' is not defined                                no-undef
    40:5   warning  'simsubscreennum' is not defined                     no-undef
    41:41  warning  'simsubscreennum' is not defined                     no-undef
    48:10  warning  'animatearrow' is defined but never used             no-unused-vars
    56:10  warning  'myStopFunction' is defined but never used           no-unused-vars
    57:19  warning  'myInt' is not defined                               no-undef
    65:9   warning  'simsubscreennum' is not defined                     no-undef
    71:16  warning  'simsubscreennum' is not defined                     no-undef
    88:16  warning  'simsubscreennum' is not defined                     no-undef
   107:16  warning  'simsubscreennum' is not defined                     no-undef
   139:13  warning  'h1Val' is not defined                               no-undef
   140:13  warning  'h2Val' is not defined                               no-undef
   180:21  warning  'Propeller' is not defined                           no-undef
   199:16  warning  'simsubscreennum' is not defined                     no-undef
   213:10  warning  'dragAndRotate' is defined but never used            no-unused-vars
   219:10  warning  'temp' is not defined                                no-undef
   219:20  warning  'temp' is not defined                                no-undef
   219:31  warning  'temp' is not defined                                no-undef
   220:44  warning  'temp' is not defined                                no-undef
   222:5   warning  'simsubscreennum' is not defined                     no-undef
   223:40  warning  'simsubscreennum' is not defined                     no-undef
   248:10  warning  'temp' is not defined                                no-undef
   248:20  warning  'temp' is not defined                                no-undef
   248:31  warning  'temp' is not defined                                no-undef
   249:44  warning  'temp' is not defined                                no-undef
   251:5   warning  'simsubscreennum' is not defined                     no-undef
   252:40  warning  'simsubscreennum' is not defined                     no-undef
   271:10  warning  'temp' is not defined                                no-undef
   271:20  warning  'temp' is not defined                                no-undef
   271:31  warning  'temp' is not defined                                no-undef
   272:44  warning  'temp' is not defined                                no-undef
   274:5   warning  'simsubscreennum' is not defined                     no-undef
   275:40  warning  'simsubscreennum' is not defined                     no-undef
   301:5   warning  'h1Val' is not defined                               no-undef
   302:5   warning  'h2Val' is not defined                               no-undef
   310:10  warning  'temp' is not defined                                no-undef
   310:20  warning  'temp' is not defined                                no-undef
   310:31  warning  'temp' is not defined                                no-undef
   311:44  warning  'temp' is not defined                                no-undef
   313:5   warning  'simsubscreennum' is not defined                     no-undef
   314:40  warning  'simsubscreennum' is not defined                     no-undef
   340:10  warning  'temp' is not defined                                no-undef
   340:20  warning  'temp' is not defined                                no-undef
   340:31  warning  'temp' is not defined                                no-undef
   341:44  warning  'temp' is not defined                                no-undef
   343:5   warning  'simsubscreennum' is not defined                     no-undef
   344:40  warning  'simsubscreennum' is not defined                     no-undef
   351:10  warning  'temp' is not defined                                no-undef
   351:20  warning  'temp' is not defined                                no-undef
   351:31  warning  'temp' is not defined                                no-undef
   352:44  warning  'temp' is not defined                                no-undef
   354:5   warning  'simsubscreennum' is not defined                     no-undef
   355:40  warning  'simsubscreennum' is not defined                     no-undef
   364:10  warning  'temp' is not defined                                no-undef
   364:20  warning  'temp' is not defined                                no-undef
   364:31  warning  'temp' is not defined                                no-undef
   365:44  warning  'temp' is not defined                                no-undef
   367:5   warning  'simsubscreennum' is not defined                     no-undef
   368:40  warning  'simsubscreennum' is not defined                     no-undef
   381:9   warning  'h1Val' is not defined                               no-undef
   382:9   warning  'h2Val' is not defined                               no-undef
   463:10  warning  'selectAction' is defined but never used             no-unused-vars
   466:5   warning  'simsubscreennum' is not defined                     no-undef
   472:10  warning  'setPipeLength' is defined but never used            no-unused-vars
   479:10  warning  'setPipeDia' is defined but never used               no-unused-vars
   546:5   warning  'x' is assigned a value but never used               no-unused-vars
   547:5   warning  'numberOfClicks' is assigned a value but never used  no-unused-vars
   558:5   warning  'heightRight' is assigned a value but never used     no-unused-vars
   563:5   warning  'topRight' is assigned a value but never used        no-unused-vars
   566:5   warning  'heightPin' is assigned a value but never used       no-unused-vars
   567:5   warning  'heightPinNew' is assigned a value but never used    no-unused-vars
   861:5   warning  'h1Val' is not defined                               no-undef
   862:5   warning  'h2Val' is not defined                               no-undef
   881:5   warning  'h1Val' is not defined                               no-undef
   882:5   warning  'h2Val' is not defined                               no-undef
   947:5   warning  'simsubscreennum' is not defined                     no-undef
   950:41  warning  'simsubscreennum' is not defined                     no-undef
   960:10  warning  'setPipeLengthEval' is defined but never used        no-unused-vars
   967:10  warning  'setPipeDiaEval' is defined but never used           no-unused-vars
   974:10  warning  'setProcessFluidEval' is defined but never used      no-unused-vars
   981:10  warning  'setManoFluidEval' is defined but never used         no-unused-vars
   990:10  warning  'setEvalSets' is defined but never used              no-unused-vars
  1018:22  warning  'fric' is assigned a value but never used            no-unused-vars
  1021:10  warning  'evaluateConfig' is defined but never used           no-unused-vars
  1094:17  warning  'rowCountPost' is assigned a value but never used    no-unused-vars

/home/runner/work/exp-flow-through-venturi-meter-nitk/exp-flow-through-venturi-meter-nitk/experiment/simulation/js/jquery-3.6.0.js
     17:44  warning  'module' is not defined                                                    no-undef
     25:5   warning  'module' is not defined                                                    no-undef
    142:13  warning  'Symbol' is already defined as a built-in global variable                  no-redeclare
    717:22  warning  Unexpected control character(s) in regular expression: \x1f, \x1f          no-control-regex
    779:50  warning  Empty block statement                                                      no-empty
   2185:38  warning  Do not access Object.prototype method 'hasOwnProperty' from target object  no-prototype-builtins
   3205:16  warning  Unnecessary escape character: \/                                           no-useless-escape
   3507:52  warning  Empty block statement                                                      no-empty
   4584:21  warning  Empty block statement                                                      no-empty
   5051:28  warning  Unnecessary escape character: \/                                           no-useless-escape
   5268:19  warning  Empty block statement                                                      no-empty
   6564:25  warning  Empty block statement                                                      no-empty
   9171:17  warning  Empty block statement                                                      no-empty
   9819:28  warning  'urlAnchor.href' is assigned to itself                                     no-self-assign
  10269:17  warning  Empty block statement                                                      no-empty
  11162:39  warning  'define' is not defined                                                    no-undef
  11163:5   warning  'define' is not defined                                                    no-undef

/home/runner/work/exp-flow-through-venturi-meter-nitk/exp-flow-through-venturi-meter-nitk/experiment/simulation/js/jquery.ui.touch-punch.js
  174:4  warning  'jQuery' is not defined  no-undef

/home/runner/work/exp-flow-through-venturi-meter-nitk/exp-flow-through-venturi-meter-nitk/experiment/simulation/js/jquery.ui.touch-punch.min.js
  81:4  warning  'jQuery' is not defined  no-undef

/home/runner/work/exp-flow-through-venturi-meter-nitk/exp-flow-through-venturi-meter-nitk/experiment/simulation/js/jquerymin.js
  2:71     warning  'module' is not defined                                                    no-undef
  2:86     warning  'module' is not defined                                                    no-undef
  2:863    warning  'b' is assigned a value but never used                                     no-unused-vars
  2:3050   warning  'r' is assigned a value but never used                                     no-unused-vars
  2:5376   warning  Unexpected control character(s) in regular expression: \x1f, \x1f          no-control-regex
  2:5847   warning  Expected a conditional expression and instead saw an assignment            no-cond-assign
  2:6101   warning  Expected a conditional expression and instead saw an assignment            no-cond-assign
  2:6532   warning  Expected a conditional expression and instead saw an assignment            no-cond-assign
  2:6758   warning  Empty block statement                                                      no-empty
  2:7320   warning  Expected a conditional expression and instead saw an assignment            no-cond-assign
  2:9378   warning  Expected a conditional expression and instead saw an assignment            no-cond-assign
  2:9688   warning  Expected a conditional expression and instead saw an assignment            no-cond-assign
  2:11489  warning  Expected a conditional expression and instead saw an assignment            no-cond-assign
  2:12064  warning  Expected a conditional expression and instead saw an assignment            no-cond-assign
  2:12102  warning  Expected a conditional expression and instead saw an assignment            no-cond-assign
  2:12520  warning  Empty block statement                                                      no-empty
  2:13134  warning  Expected a conditional expression and instead saw an assignment            no-cond-assign
  2:13446  warning  Expected a conditional expression and instead saw an assignment            no-cond-assign
  2:15271  warning  Expected a conditional expression and instead saw an assignment            no-cond-assign
  2:15542  warning  Expected a conditional expression and instead saw an assignment            no-cond-assign
  2:15740  warning  Expected a conditional expression and instead saw an assignment            no-cond-assign
  2:16114  warning  Do not access Object.prototype method 'hasOwnProperty' from target object  no-prototype-builtins
  2:16815  warning  Expected a conditional expression and instead saw an assignment            no-cond-assign
  2:19155  warning  Expected a conditional expression and instead saw an assignment            no-cond-assign
  2:19255  warning  Expected a conditional expression and instead saw an assignment            no-cond-assign
  2:19315  warning  Expected a conditional expression and instead saw an assignment            no-cond-assign
  2:20674  warning  Expected a conditional expression and instead saw an assignment            no-cond-assign
  2:21288  warning  Expected a conditional expression and instead saw an assignment            no-cond-assign
  2:21399  warning  Expected a conditional expression and instead saw an assignment            no-cond-assign
  2:23719  warning  Unnecessary escape character: \/                                           no-useless-escape
  2:33344  warning  Empty block statement                                                      no-empty
  2:37050  warning  Unnecessary escape character: \/                                           no-useless-escape
  2:38265  warning  Expected a conditional expression and instead saw an assignment            no-cond-assign
  2:38405  warning  Expected a conditional expression and instead saw an assignment            no-cond-assign
  2:39039  warning  Empty block statement                                                      no-empty
  2:45778  warning  Unnecessary escape character: \/                                           no-useless-escape
  2:48087  warning  Expected a conditional expression and instead saw an assignment            no-cond-assign
  2:49647  warning  Empty block statement                                                      no-empty
  2:57298  warning  Expected a conditional expression and instead saw an assignment            no-cond-assign
  2:59847  warning  Expected a conditional expression and instead saw an assignment            no-cond-assign
  2:64132  warning  Expected a conditional expression and instead saw an assignment            no-cond-assign
  2:65877  warning  Expected a conditional expression and instead saw an assignment            no-cond-assign
  2:65943  warning  Expected a conditional expression and instead saw an assignment            no-cond-assign
  2:66247  warning  Expected a conditional expression and instead saw an assignment            no-cond-assign
  2:66313  warning  Expected a conditional expression and instead saw an assignment            no-cond-assign
  2:66720  warning  Expected a conditional expression and instead saw an assignment            no-cond-assign
  2:66997  warning  Expected a conditional expression and instead saw an assignment            no-cond-assign
  2:72432  warning  Expected a conditional expression and instead saw an assignment            no-cond-assign
  2:74924  warning  Expected a conditional expression and instead saw an assignment            no-cond-assign
  2:75645  warning  'l.href' is assigned to itself                                             no-self-assign
  2:79204  warning  Empty block statement                                                      no-empty
  2:83243  warning  Expected a conditional expression and instead saw an assignment            no-cond-assign
  2:83243  warning  'l' is assigned a value but never used                                     no-unused-vars
  2:86651  warning  'define' is not defined                                                    no-undef
  2:86663  warning  'define' is not defined                                                    no-undef

/home/runner/work/exp-flow-through-venturi-meter-nitk/exp-flow-through-venturi-meter-nitk/experiment/simulation/js/propeller.min.js
  1:7925  warning  'a' is defined but never used  no-unused-vars
  1:8813  warning  'f' is already defined         no-redeclare
  1:9265  warning  '$' is not defined             no-undef
  1:9280  warning  '$' is not defined             no-undef
  1:9306  warning  '$' is not defined             no-undef
  1:9358  warning  '$' is not defined             no-undef
  1:9404  warning  '$' is not defined             no-undef
  1:9431  warning  '$' is not defined             no-undef

/home/runner/work/exp-flow-through-venturi-meter-nitk/exp-flow-through-venturi-meter-nitk/experiment/simulation/js/script.js
     2:5   warning  'mpointer' is assigned a value but never used        no-unused-vars
     3:5   warning  'repeat' is assigned a value but never used          no-unused-vars
     4:8   warning  'p' is defined but never used                        no-unused-vars
     4:11  warning  'lastp' is defined but never used                    no-unused-vars
     4:18  warning  'n' is defined but never used                        no-unused-vars
     4:24  warning  'q' is defined but never used                        no-unused-vars
     4:27  warning  'flag' is assigned a value but never used            no-unused-vars
     5:5   warning  'avg' is defined but never used                      no-unused-vars
     5:10  warning  'average' is defined but never used                  no-unused-vars
    30:10  warning  'goToStart' is defined but never used                no-unused-vars
    58:10  warning  'changeOriginal' is defined but never used           no-unused-vars
    65:10  warning  'temp' is not defined                                no-undef
    65:20  warning  'temp' is not defined                                no-undef
    65:31  warning  'temp' is not defined                                no-undef
    66:44  warning  'temp' is not defined                                no-undef
    68:5   warning  'simsubscreennum' is not defined                     no-undef
    69:40  warning  'simsubscreennum' is not defined                     no-undef
    74:10  warning  'navNext' is defined but never used                  no-unused-vars
    75:10  warning  'temp' is not defined                                no-undef
    75:20  warning  'temp' is not defined                                no-undef
    75:31  warning  'temp' is not defined                                no-undef
    76:44  warning  'temp' is not defined                                no-undef
    79:5   warning  'simsubscreennum' is not defined                     no-undef
    80:41  warning  'simsubscreennum' is not defined                     no-undef
    87:10  warning  'animatearrow' is defined but never used             no-unused-vars
    96:10  warning  'myStopFunction' is defined but never used           no-unused-vars
    97:19  warning  'myInt' is not defined                               no-undef
   105:9   warning  'simsubscreennum' is not defined                     no-undef
   111:16  warning  'simsubscreennum' is not defined                     no-undef
   132:16  warning  'simsubscreennum' is not defined                     no-undef
   152:16  warning  'simsubscreennum' is not defined                     no-undef
   235:21  warning  'Propeller' is not defined                           no-undef
   254:16  warning  'simsubscreennum' is not defined                     no-undef
   268:10  warning  'dragAndRotate' is defined but never used            no-unused-vars
   272:10  warning  'mclose' is defined but never used                   no-unused-vars
   277:10  warning  'mclose1' is defined but never used                  no-unused-vars
   288:10  warning  'temp' is not defined                                no-undef
   288:20  warning  'temp' is not defined                                no-undef
   288:31  warning  'temp' is not defined                                no-undef
   289:44  warning  'temp' is not defined                                no-undef
   291:5   warning  'simsubscreennum' is not defined                     no-undef
   292:40  warning  'simsubscreennum' is not defined                     no-undef
   341:10  warning  'temp' is not defined                                no-undef
   341:20  warning  'temp' is not defined                                no-undef
   341:31  warning  'temp' is not defined                                no-undef
   342:44  warning  'temp' is not defined                                no-undef
   344:5   warning  'simsubscreennum' is not defined                     no-undef
   345:40  warning  'simsubscreennum' is not defined                     no-undef
   374:10  warning  'temp' is not defined                                no-undef
   374:20  warning  'temp' is not defined                                no-undef
   374:31  warning  'temp' is not defined                                no-undef
   375:44  warning  'temp' is not defined                                no-undef
   377:5   warning  'simsubscreennum' is not defined                     no-undef
   378:40  warning  'simsubscreennum' is not defined                     no-undef
   419:10  warning  'temp' is not defined                                no-undef
   419:20  warning  'temp' is not defined                                no-undef
   419:31  warning  'temp' is not defined                                no-undef
   420:44  warning  'temp' is not defined                                no-undef
   422:5   warning  'simsubscreennum' is not defined                     no-undef
   423:40  warning  'simsubscreennum' is not defined                     no-undef
   453:10  warning  'temp' is not defined                                no-undef
   453:20  warning  'temp' is not defined                                no-undef
   453:31  warning  'temp' is not defined                                no-undef
   454:44  warning  'temp' is not defined                                no-undef
   456:5   warning  'simsubscreennum' is not defined                     no-undef
   457:40  warning  'simsubscreennum' is not defined                     no-undef
   464:10  warning  'temp' is not defined                                no-undef
   464:20  warning  'temp' is not defined                                no-undef
   464:31  warning  'temp' is not defined                                no-undef
   465:44  warning  'temp' is not defined                                no-undef
   467:5   warning  'simsubscreennum' is not defined                     no-undef
   468:40  warning  'simsubscreennum' is not defined                     no-undef
   516:10  warning  'temp' is not defined                                no-undef
   516:20  warning  'temp' is not defined                                no-undef
   516:31  warning  'temp' is not defined                                no-undef
   517:44  warning  'temp' is not defined                                no-undef
   519:5   warning  'simsubscreennum' is not defined                     no-undef
   521:40  warning  'simsubscreennum' is not defined                     no-undef
   719:10  warning  'selectAction' is defined but never used             no-unused-vars
   722:5   warning  'simsubscreennum' is not defined                     no-undef
   738:10  warning  'setPipeDia' is defined but never used               no-unused-vars
   760:5   warning  'a' is already defined                               no-redeclare
   761:5   warning  'b' is already defined                               no-redeclare
   764:10  warning  'setVenturiTube' is defined but never used           no-unused-vars
   793:10  warning  'setVenturiDia' is defined but never used            no-unused-vars
   805:10  warning  'setProcessFluid' is defined but never used          no-unused-vars
   829:10  warning  'setManoFluid' is defined but never used             no-unused-vars
   848:5   warning  'x' is assigned a value but never used               no-unused-vars
   849:5   warning  'numberOfClicks' is assigned a value but never used  no-unused-vars
   850:5   warning  'h1Val' is assigned a value but never used           no-unused-vars
   851:5   warning  'h2Val' is assigned a value but never used           no-unused-vars
   861:5   warning  'heightRight' is assigned a value but never used     no-unused-vars
   866:5   warning  'topRight' is assigned a value but never used        no-unused-vars
   869:5   warning  'heightPin' is assigned a value but never used       no-unused-vars
   870:5   warning  'heightPinNew' is assigned a value but never used    no-unused-vars
   874:5   warning  'lnNre' is assigned a value but never used           no-unused-vars
   874:12  warning  'eq2' is defined but never used                      no-unused-vars
   877:5   warning  'codExp' is already defined                          no-redeclare
  1194:10  warning  'remAllRead' is defined but never used               no-unused-vars
  1207:9   warning  '$' is not defined                                   no-undef
  1216:10  warning  'emailSend' is defined but never used                no-unused-vars
  1239:10  warning  'sendEmail' is defined but never used                no-unused-vars
  1243:5   warning  'emidlen' is not defined                             no-undef
  1245:9   warning  'emidlen' is not defined                             no-undef
  1254:14  warning  'i' is not defined                                   no-undef
  1254:21  warning  'i' is not defined                                   no-undef
  1254:44  warning  'i' is not defined                                   no-undef
  1257:44  warning  'i' is not defined                                   no-undef
  1261:17  warning  'info' is not defined                                no-undef
  1261:34  warning  'info' is not defined                                no-undef
  1263:13  warning  'info' is not defined                                no-undef
  1263:30  warning  'info' is not defined                                no-undef
  1277:10  warning  'setemail' is defined but never used                 no-unused-vars
  1282:10  warning  'remSelRead' is defined but never used               no-unused-vars
  1292:10  warning  'i' is not defined                                   no-undef
  1292:17  warning  'i' is not defined                                   no-undef
  1292:34  warning  'i' is not defined                                   no-undef
  1293:14  warning  'i' is not defined                                   no-undef
  1485:5   warning  'simsubscreennum' is not defined                     no-undef
  1488:41  warning  'simsubscreennum' is not defined                     no-undef
  1507:10  warning  'setPipeDiaEval' is defined but never used           no-unused-vars
  1526:10  warning  'setVenturiDiaEval' is defined but never used        no-unused-vars
  1533:10  warning  'setProcessFluidEval' is defined but never used      no-unused-vars
  1540:10  warning  'setManoFluidEval' is defined but never used         no-unused-vars
  1549:10  warning  'setEvalSets' is defined but never used              no-unused-vars
  1565:18  warning  'x' is already defined                               no-redeclare
  1584:10  warning  'area2' is defined but never used                    no-unused-vars
  1584:89  warning  'hf' is already defined                              no-redeclare
  1584:93  warning  'calculatedFricFact' is defined but never used       no-unused-vars
  1586:10  warning  'evaluateConfig' is defined but never used           no-unused-vars
  1710:17  warning  'rowCountPost' is assigned a value but never used    no-unused-vars
  1739:17  warning  'rowCounttt' is assigned a value but never used      no-unused-vars
  1763:10  warning  'showFirstScreen' is defined but never used          no-unused-vars

✖ 322 problems (1 error, 321 warnings)

